<?xml version="1.0" encoding="UTF-8"?>
<!-- Generated by org.testng.reporters.JUnitReportReporter -->
<testsuite skipped="0" hostname="LAPTOP-QMV9CH4S" name="com.test.stream.DemoMethodTest" tests="1" failures="0" timestamp="2020-05-19T05:15:46 PDT" time="0.001" errors="0">
  <testcase name="test" time="0.001" classname="com.test.stream.DemoMethodTest"/>
  <system-out/>
</testsuite> <!-- com.test.stream.DemoMethodTest -->
