<?xml version="1.0" encoding="UTF-8"?>
<!-- Generated by org.testng.reporters.JUnitReportReporter -->
<testsuite skipped="0" hostname="LAPTOP-QMV9CH4S" name="com.test.stream.MapTest" tests="5" failures="0" timestamp="2020-05-19T05:15:46 PDT" time="0.002" errors="0">
  <testcase name="testWithMultiplyNum" time="0.000" classname="com.test.stream.MapTest"/>
  <system-out/>
  <testcase name="TestWithEvenNum" time="0.001" classname="com.test.stream.MapTest"/>
  <system-out/>
  <testcase name="TestWithMinusNum" time="0.001" classname="com.test.stream.MapTest"/>
  <system-out/>
  <testcase name="TestWithZero" time="0.000" classname="com.test.stream.MapTest"/>
  <system-out/>
  <testcase name="TestWithOddNum" time="0.000" classname="com.test.stream.MapTest"/>
  <system-out/>
</testsuite> <!-- com.test.stream.MapTest -->
