<?xml version="1.0" encoding="UTF-8"?>
<!-- Generated by org.testng.reporters.JUnitReportReporter -->
<testsuite skipped="0" hostname="LAPTOP-QMV9CH4S" name="com.test.stream.StringLowerCaseTest" tests="5" failures="0" timestamp="2020-05-19T05:15:46 PDT" time="0.050" errors="0">
  <testcase name="suppoertsNoLowercaseLetters" time="0.000" classname="com.test.stream.StringLowerCaseTest"/>
  <system-out/>
  <testcase name="countsLowercaseLetterExample" time="0.043" classname="com.test.stream.StringLowerCaseTest"/>
  <system-out/>
  <testcase name="findsMostLowercaseString" time="0.005" classname="com.test.stream.StringLowerCaseTest"/>
  <system-out/>
  <testcase name="noLowercaseLettersInAnEmptyString" time="0.002" classname="com.test.stream.StringLowerCaseTest"/>
  <system-out/>
  <testcase name="noStringReturnedForEmptyList" time="0.000" classname="com.test.stream.StringLowerCaseTest"/>
  <system-out/>
</testsuite> <!-- com.test.stream.StringLowerCaseTest -->
