<?xml version="1.0" encoding="UTF-8"?>
<!-- Generated by org.testng.reporters.JUnitReportReporter -->
<testsuite skipped="0" hostname="LAPTOP-QMV9CH4S" name="com.test.stream.ComperatorTest" tests="5" failures="0" timestamp="2020-05-19T05:15:46 PDT" time="0.003" errors="0">
  <testcase name="negitive" time="0.002" classname="com.test.stream.ComperatorTest"/>
  <system-out/>
  <testcase name="positiveNegetive" time="0.000" classname="com.test.stream.ComperatorTest"/>
  <system-out/>
  <testcase name="positive" time="0.000" classname="com.test.stream.ComperatorTest"/>
  <system-out/>
  <testcase name="numbers" time="0.001" classname="com.test.stream.ComperatorTest"/>
  <system-out/>
  <testcase name="zero" time="0.000" classname="com.test.stream.ComperatorTest"/>
  <system-out/>
</testsuite> <!-- com.test.stream.ComperatorTest -->
